<?xml version="1.0" encoding="UTF-8"?>
<!-- Generated by org.testng.reporters.JUnitReportReporter -->
<testsuite skipped="0" hostname="LP-Vinay-QA" name="com.gmail_testcase.verify_valid_login" tests="1" failures="0" timestamp="20 Sep 2019 12:34:15 GMT" time="138.878" errors="0">
  <testcase name="valid_user" time="138.878" classname="com.gmail_testcase.verify_valid_login"/>
</testsuite> <!-- com.gmail_testcase.verify_valid_login -->
