<?xml version="1.0" encoding="UTF-8"?>
<!-- Generated by org.testng.reporters.JUnitReportReporter -->
<testsuite skipped="0" hostname="LP-Vinay-QA" name="guru99demo_project.Cric10" tests="1" failures="0" timestamp="11 Sep 2019 07:10:00 GMT" time="0.755" errors="0">
  <testcase name="extract_link" time="0.755" classname="guru99demo_project.Cric10"/>
</testsuite> <!-- guru99demo_project.Cric10 -->
