<?xml version="1.0" encoding="UTF-8"?>
<!-- Generated by org.testng.reporters.JUnitReportReporter -->
<testsuite skipped="0" hostname="LP-Deepak" name="testing_enviroment.helloworld" tests="1" failures="0" timestamp="20 Nov 2018 13:02:41 GMT" time="0.016" errors="0">
  <testcase name="ann" time="0.016" classname="testing_enviroment.helloworld"/>
</testsuite> <!-- testing_enviroment.helloworld -->
