<?xml version="1.0" encoding="UTF-8"?>
<!-- Generated by org.testng.reporters.JUnitReportReporter -->
<testsuite skipped="0" hostname="LP-Vinay-QA" name="wave_task.testngDemo" tests="4" failures="0" timestamp="15 Nov 2019 10:03:37 GMT" time="0.018" errors="0">
  <testcase name="select" time="0.004" classname="wave_task.testngDemo"/>
  <testcase name="insert" time="0.000" classname="wave_task.testngDemo"/>
  <testcase name="delete" time="0.014" classname="wave_task.testngDemo"/>
  <testcase name="update" time="0.000" classname="wave_task.testngDemo"/>
</testsuite> <!-- wave_task.testngDemo -->
