<?xml version="1.0" encoding="UTF-8"?>
<!-- Generated by org.testng.reporters.JUnitReportReporter -->
<testsuite skipped="0" hostname="LP-Deepak" name="wave_task.Log_manager" tests="3" failures="0" timestamp="21 Jan 2019 13:05:53 GMT" time="23.132" errors="0">
  <testcase name="openbrowser" time="9.493" classname="wave_task.Log_manager"/>
  <testcase name="login" time="6.586" classname="wave_task.Log_manager"/>
  <testcase name="Add_client" time="7.053" classname="wave_task.Log_manager"/>
</testsuite> <!-- wave_task.Log_manager -->
